2024-07-12 23:50:19,946 - INFO - CPU usage: 0.1%
2024-07-12 23:50:19,946 - INFO - Memory usage: 15.6%
2024-07-12 23:50:19,946 - INFO - Disk usage: 40.7%
2024-07-12 23:50:19,946 - INFO - Network incoming traffic: 186987036
2024-07-12 23:51:23,036 - INFO - CPU usage: 0.7%
2024-07-12 23:51:23,036 - INFO - Memory usage: 15.8%
2024-07-12 23:51:23,036 - INFO - Disk usage: 40.7%
2024-07-12 23:51:23,036 - INFO - Network incoming traffic: 186987036
2024-07-13 13:16:20,838 - INFO - CPU usage: 0.0%Memory usage: 12.7%Disk usage: 40.4%Network incoming traffic: 34780760
2024-07-13 13:17:21,850 - INFO - CPU usage: 0.8%Memory usage: 13.8%Disk usage: 40.4%Network incoming traffic: 34781591
2024-07-13 13:17:50,749 - INFO - CPU usage: 0.0%Memory usage: 13.8%Disk usage: 40.4%Network incoming traffic: 34781591
2024-07-13 13:18:11,258 - INFO - CPU usage: 0.2%Memory usage: 13.8%Disk usage: 40.4%Network incoming traffic: 34781591
2024-07-13 13:18:28,056 - INFO - CPU usage: 0.2%Memory usage: 13.9%Disk usage: 40.4%Network incoming traffic: 34789026
2024-07-13 13:21:29,922 - INFO - CPU usage: 0.0%Memory usage: 13.7%Disk usage: 40.4%Network incoming traffic: 34796683
2024-07-13 13:32:42,651 - INFO - CPU usage: 0.0%Memory usage: 13.8%Disk usage: 40.4%Network incoming traffic: 34807326
2024-07-13 13:34:38,013 - INFO - CPU usage: 0.1%Memory usage: 13.7%Disk usage: 40.4%Network incoming traffic: 34814044
2024-07-13 13:35:41,104 - INFO - CPU usage: 0.0%Memory usage: 13.7%Disk usage: 40.4%Network incoming traffic: 34822182
2024-07-13 13:36:43,008 - INFO - CPU usage: 2.0%Memory usage: 14.0%Disk usage: 40.4%Network incoming traffic: 34829807
2024-07-13 13:37:44,951 - INFO - CPU usage: 12.5%Memory usage: 14.9%Disk usage: 40.4%Network incoming traffic: 34838105
2024-07-13 13:38:47,387 - INFO - CPU usage: 0.2%Memory usage: 14.9%Disk usage: 40.4%Network incoming traffic: 34845742
2024-07-13 13:39:49,353 - INFO - CPU usage: 0.0%Memory usage: 14.7%Disk usage: 40.4%Network incoming traffic: 34853264
